running develop
running egg_info
creating ball_det_package.egg-info
writing ball_det_package.egg-info/PKG-INFO
writing dependency_links to ball_det_package.egg-info/dependency_links.txt
writing entry points to ball_det_package.egg-info/entry_points.txt
writing requirements to ball_det_package.egg-info/requires.txt
writing top-level names to ball_det_package.egg-info/top_level.txt
writing manifest file 'ball_det_package.egg-info/SOURCES.txt'
reading manifest file 'ball_det_package.egg-info/SOURCES.txt'
writing manifest file 'ball_det_package.egg-info/SOURCES.txt'
running build_ext
Creating /home/azma/ros2_jazzy_ws/install/ball_det_package/lib/python3.12/site-packages/ball-det-package.egg-link (link to .)
Installing ball_det_node script to /home/azma/ros2_jazzy_ws/install/ball_det_package/lib/ball_det_package

Installed /home/azma/ros2_jazzy_ws/build/ball_det_package
running symlink_data
creating /home/azma/ros2_jazzy_ws/install/ball_det_package/share/ament_index
creating /home/azma/ros2_jazzy_ws/install/ball_det_package/share/ament_index/resource_index
creating /home/azma/ros2_jazzy_ws/install/ball_det_package/share/ament_index/resource_index/packages
symbolically linking /home/azma/ros2_jazzy_ws/build/ball_det_package/resource/ball_det_package -> /home/azma/ros2_jazzy_ws/install/ball_det_package/share/ament_index/resource_index/packages
symbolically linking /home/azma/ros2_jazzy_ws/build/ball_det_package/package.xml -> /home/azma/ros2_jazzy_ws/install/ball_det_package/share/ball_det_package
symbolically linking /home/azma/ros2_jazzy_ws/build/ball_det_package/ball_det_package/sample3.mp4 -> /home/azma/ros2_jazzy_ws/install/ball_det_package/share/ball_det_package
