[1.888s] Invoking command in '/home/azma/ros2_jazzy_ws/build/ball_det_package': CONDA_PROMPT_MODIFIER=(base) DEBUGINFOD_URLS=https://debuginfod.ubuntu.com PYTHONPATH=/home/azma/ros2_jazzy_ws/build/ball_det_package/prefix_override:/usr/lib/python3/dist-packages/colcon_core/task/python/colcon_distutils_commands:/home/azma/ros2_jazzy_ws/install/ball_det_package/lib/python3.12/site-packages:${PYTHONPATH} /usr/bin/python3 -W ignore:setup.py install is deprecated -W ignore:easy_install command is deprecated setup.py develop --editable --build-directory /home/azma/ros2_jazzy_ws/build/ball_det_package/build --no-deps symlink_data
[2.654s] running develop
[3.173s] running egg_info
[3.173s] creating ball_det_package.egg-info
[3.222s] writing ball_det_package.egg-info/PKG-INFO
[3.222s] writing dependency_links to ball_det_package.egg-info/dependency_links.txt
[3.223s] writing entry points to ball_det_package.egg-info/entry_points.txt
[3.223s] writing requirements to ball_det_package.egg-info/requires.txt
[3.223s] writing top-level names to ball_det_package.egg-info/top_level.txt
[3.223s] writing manifest file 'ball_det_package.egg-info/SOURCES.txt'
[3.322s] reading manifest file 'ball_det_package.egg-info/SOURCES.txt'
[3.324s] writing manifest file 'ball_det_package.egg-info/SOURCES.txt'
[3.373s] running build_ext
[3.373s] Creating /home/azma/ros2_jazzy_ws/install/ball_det_package/lib/python3.12/site-packages/ball-det-package.egg-link (link to .)
[3.375s] Installing ball_det_node script to /home/azma/ros2_jazzy_ws/install/ball_det_package/lib/ball_det_package
[3.376s] 
[3.376s] Installed /home/azma/ros2_jazzy_ws/build/ball_det_package
[3.376s] running symlink_data
[3.377s] creating /home/azma/ros2_jazzy_ws/install/ball_det_package/share/ament_index
[3.377s] creating /home/azma/ros2_jazzy_ws/install/ball_det_package/share/ament_index/resource_index
[3.377s] creating /home/azma/ros2_jazzy_ws/install/ball_det_package/share/ament_index/resource_index/packages
[3.377s] symbolically linking /home/azma/ros2_jazzy_ws/build/ball_det_package/resource/ball_det_package -> /home/azma/ros2_jazzy_ws/install/ball_det_package/share/ament_index/resource_index/packages
[3.378s] symbolically linking /home/azma/ros2_jazzy_ws/build/ball_det_package/package.xml -> /home/azma/ros2_jazzy_ws/install/ball_det_package/share/ball_det_package
[3.378s] symbolically linking /home/azma/ros2_jazzy_ws/build/ball_det_package/ball_det_package/sample3.mp4 -> /home/azma/ros2_jazzy_ws/install/ball_det_package/share/ball_det_package
[3.440s] Invoked command in '/home/azma/ros2_jazzy_ws/build/ball_det_package' returned '0': CONDA_PROMPT_MODIFIER=(base) DEBUGINFOD_URLS=https://debuginfod.ubuntu.com PYTHONPATH=/home/azma/ros2_jazzy_ws/build/ball_det_package/prefix_override:/usr/lib/python3/dist-packages/colcon_core/task/python/colcon_distutils_commands:/home/azma/ros2_jazzy_ws/install/ball_det_package/lib/python3.12/site-packages:${PYTHONPATH} /usr/bin/python3 -W ignore:setup.py install is deprecated -W ignore:easy_install command is deprecated setup.py develop --editable --build-directory /home/azma/ros2_jazzy_ws/build/ball_det_package/build --no-deps symlink_data
